2025-04-13 12:46:53 - CONNECTING TO THE VEHICLE in SITL Mode
2025-04-13 12:46:53 - Connecting to vehicle on: tcp:127.0.0.1:5760
2025-04-13 12:47:49 - CONNECTING TO THE VEHICLE in SITL Mode
2025-04-13 12:47:49 - Connecting to vehicle on: tcp:127.0.0.1:5760
2025-04-13 12:48:40 - CONNECTING TO THE VEHICLE in SITL Mode
2025-04-13 12:48:40 - Connecting to vehicle on: tcp:127.0.0.1:5760
2025-04-13 12:50:03 - CONNECTING TO THE VEHICLE in SITL Mode
2025-04-13 12:50:03 - Connecting to vehicle on: tcp:127.0.0.1:5760
2025-04-13 12:50:25 - "{'global_location': <dronekit.LocationGlobal object at 0x000001D631671010>, 'local_location': <dronekit.LocationLocal object at 0x000001D630E1B8C0>, 'attitude': 'Attitude:pitch=-0.002571656135842204,yaw=-0.16858801245689392,roll=-0.009902904741466045', 'relative_location': <dronekit.LocationGlobalRelative object at 0x000001D631696350>, 'gps': <dronekit.GPSInfo object at 0x000001D631695B70>, 'latitude': -35.363261, 'longitude': 149.1652299, 'altitude': 583.99, 'velocity': [0.02, -0.2, 0.0], 'heading': 350, 'battery_voltage': 12.587, 'battery_current': 0.0, 'battery_level': 100, 'mode': 'STABILIZE', 'armed': False}"
2025-04-13 12:50:25 - Arming motors...
2025-04-13 12:50:25 - Waiting for arming...
2025-04-13 12:50:26 - Waiting for arming...
2025-04-13 12:50:27 - Waiting for arming...
2025-04-13 12:50:28 - Waiting for arming...
2025-04-13 12:50:29 - Waiting for arming...
2025-04-13 12:50:30 - Taking off!
2025-04-13 12:50:30 - Altitude: 0.0
2025-04-13 12:50:30 - "{'global_location': <dronekit.LocationGlobal object at 0x000001D6316D5650>, 'local_location': <dronekit.LocationLocal object at 0x000001D631679D00>, 'attitude': 'Attitude:pitch=-0.002710900967940688,yaw=-0.09750284254550934,roll=-0.010063192807137966', 'relative_location': <dronekit.LocationGlobalRelative object at 0x000001D6316962E0>, 'gps': <dronekit.GPSInfo object at 0x000001D631694A60>, 'latitude': -35.3632609, 'longitude': 149.1652288, 'altitude': 583.99, 'velocity': [0.03, -0.26, 0.0], 'heading': 354, 'battery_voltage': 12.538, 'battery_current': 3.48, 'battery_level': 99, 'mode': 'STABILIZE', 'armed': True}"
2025-04-13 12:50:31 - Altitude: 0.0
2025-04-13 12:50:31 - "{'global_location': <dronekit.LocationGlobal object at 0x000001D631694A60>, 'local_location': <dronekit.LocationLocal object at 0x000001D630EEBDD0>, 'attitude': 'Attitude:pitch=-0.002127680229023099,yaw=-0.10076721757650375,roll=-0.007701538503170013', 'relative_location': <dronekit.LocationGlobalRelative object at 0x000001D6316962E0>, 'gps': <dronekit.GPSInfo object at 0x000001D6316949F0>, 'latitude': -35.3632606, 'longitude': 149.1652266, 'altitude': 583.99, 'velocity': [0.04, -0.29, 0.0], 'heading': 354, 'battery_voltage': 12.538, 'battery_current': 3.48, 'battery_level': 99, 'mode': 'STABILIZE', 'armed': True}"
2025-04-13 12:50:32 - Altitude: 0.0
2025-04-13 12:50:32 - "{'global_location': <dronekit.LocationGlobal object at 0x000001D6316949F0>, 'local_location': <dronekit.LocationLocal object at 0x000001D6316962E0>, 'attitude': 'Attitude:pitch=-0.0011689928360283375,yaw=-0.10519338399171829,roll=-0.0040174550376832485', 'relative_location': <dronekit.LocationGlobalRelative object at 0x000001D6316948A0>, 'gps': <dronekit.GPSInfo object at 0x000001D631696200>, 'latitude': -35.3632605, 'longitude': 149.1652259, 'altitude': 583.99, 'velocity': [0.03, -0.25, 0.0], 'heading': 353, 'battery_voltage': 12.538, 'battery_current': 3.48, 'battery_level': 99, 'mode': 'STABILIZE', 'armed': True}"
2025-04-13 12:50:33 - Altitude: 0.0
2025-04-13 12:50:33 - "{'global_location': <dronekit.LocationGlobal object at 0x000001D631696200>, 'local_location': <dronekit.LocationLocal object at 0x000001D63131F170>, 'attitude': 'Attitude:pitch=0.00032264107721857727,yaw=-0.10665059089660645,roll=-0.0012886733748018742', 'relative_location': <dronekit.LocationGlobalRelative object at 0x000001D6316948A0>, 'gps': <dronekit.GPSInfo object at 0x000001D6316952B0>, 'latitude': -35.3632606, 'longitude': 149.1652262, 'altitude': 583.99, 'velocity': [0.01, -0.18, 0.0], 'heading': 353, 'battery_voltage': 12.538, 'battery_current': 3.48, 'battery_level': 99, 'mode': 'STABILIZE', 'armed': True}"
2025-04-13 12:50:34 - Altitude: 0.01
2025-04-13 12:50:34 - "{'global_location': <dronekit.LocationGlobal object at 0x000001D6316952B0>, 'local_location': <dronekit.LocationLocal object at 0x000001D63131EA50>, 'attitude': 'Attitude:pitch=0.0018346187425777316,yaw=-0.10626142472028732,roll=0.0020630930084735155', 'relative_location': <dronekit.LocationGlobalRelative object at 0x000001D6316948A0>, 'gps': <dronekit.GPSInfo object at 0x000001D631694FA0>, 'latitude': -35.3632609, 'longitude': 149.1652274, 'altitude': 584.0, 'velocity': [-0.01, -0.07, 0.0], 'heading': 353, 'battery_voltage': 12.538, 'battery_current': 3.48, 'battery_level': 99, 'mode': 'STABILIZE', 'armed': True}"
2025-04-13 12:50:35 - Altitude: 0.02
2025-04-13 12:50:35 - "{'global_location': <dronekit.LocationGlobal object at 0x000001D631694FA0>, 'local_location': <dronekit.LocationLocal object at 0x000001D63131E630>, 'attitude': 'Attitude:pitch=0.0029691883828490973,yaw=-0.1051895022392273,roll=0.003971251659095287', 'relative_location': <dronekit.LocationGlobalRelative object at 0x000001D6316948A0>, 'gps': <dronekit.GPSInfo object at 0x000001D631695B70>, 'latitude': -35.3632611, 'longitude': 149.1652287, 'altitude': 584.01, 'velocity': [-0.03, 0.02, 0.0], 'heading': 353, 'battery_voltage': 12.538, 'battery_current': 3.48, 'battery_level': 99, 'mode': 'STABILIZE', 'armed': True}"
2025-04-13 12:50:36 - Altitude: 0.02
2025-04-13 12:50:36 - "{'global_location': <dronekit.LocationGlobal object at 0x000001D631695B70>, 'local_location': <dronekit.LocationLocal object at 0x000001D63131E630>, 'attitude': 'Attitude:pitch=0.0032937193755060434,yaw=-0.10233598947525024,roll=0.004028345458209515', 'relative_location': <dronekit.LocationGlobalRelative object at 0x000001D6316948A0>, 'gps': <dronekit.GPSInfo object at 0x000001D631695E80>, 'latitude': -35.3632613, 'longitude': 149.1652298, 'altitude': 584.01, 'velocity': [-0.05, 0.08, 0.0], 'heading': 354, 'battery_voltage': 12.538, 'battery_current': 3.48, 'battery_level': 99, 'mode': 'STABILIZE', 'armed': True}"
2025-04-13 12:50:37 - Altitude: 0.03
2025-04-13 12:50:37 - "{'global_location': <dronekit.LocationGlobal object at 0x000001D631695E80>, 'local_location': <dronekit.LocationLocal object at 0x000001D63131EFF0>, 'attitude': 'Attitude:pitch=0.001887988648377359,yaw=-0.09722690284252167,roll=0.0025724880397319794', 'relative_location': <dronekit.LocationGlobalRelative object at 0x000001D6316948A0>, 'gps': <dronekit.GPSInfo object at 0x000001D631695CC0>, 'latitude': -35.3632614, 'longitude': 149.1652304, 'altitude': 584.02, 'velocity': [-0.05, 0.1, 0.0], 'heading': 354, 'battery_voltage': 12.538, 'battery_current': 3.48, 'battery_level': 99, 'mode': 'STABILIZE', 'armed': True}"
2025-04-13 12:50:38 - Altitude: 0.03
2025-04-13 12:50:38 - "{'global_location': <dronekit.LocationGlobal object at 0x000001D631695CC0>, 'local_location': <dronekit.LocationLocal object at 0x000001D63131EFF0>, 'attitude': 'Attitude:pitch=0.0010674881050363183,yaw=-0.09276238083839417,roll=0.0008054720237851143', 'relative_location': <dronekit.LocationGlobalRelative object at 0x000001D6316948A0>, 'gps': <dronekit.GPSInfo object at 0x000001D631695240>, 'latitude': -35.3632615, 'longitude': 149.1652307, 'altitude': 584.02, 'velocity': [-0.04, 0.08, 0.0], 'heading': 354, 'battery_voltage': 12.538, 'battery_current': 3.48, 'battery_level': 99, 'mode': 'STABILIZE', 'armed': True}"
2025-04-13 12:50:39 - Altitude: 0.03
2025-04-13 12:50:39 - "{'global_location': <dronekit.LocationGlobal object at 0x000001D631695240>, 'local_location': <dronekit.LocationLocal object at 0x000001D63131EFF0>, 'attitude': 'Attitude:pitch=-0.0006393602816388011,yaw=-0.08988166600465775,roll=-0.0012593816500157118', 'relative_location': <dronekit.LocationGlobalRelative object at 0x000001D6316948A0>, 'gps': <dronekit.GPSInfo object at 0x000001D6316955C0>, 'latitude': -35.3632614, 'longitude': 149.1652306, 'altitude': 584.02, 'velocity': [-0.02, 0.05, 0.0], 'heading': 354, 'battery_voltage': 12.538, 'battery_current': 3.48, 'battery_level': 99, 'mode': 'STABILIZE', 'armed': True}"
2025-04-13 12:50:40 - Altitude: 0.01
2025-04-13 12:50:40 - "{'global_location': <dronekit.LocationGlobal object at 0x000001D6316955C0>, 'local_location': <dronekit.LocationLocal object at 0x000001D63131EFF0>, 'attitude': 'Attitude:pitch=-0.002066327491775155,yaw=-0.08731038868427277,roll=-0.0032128470484167337', 'relative_location': <dronekit.LocationGlobalRelative object at 0x000001D631696200>, 'gps': <dronekit.GPSInfo object at 0x000001D631695160>, 'latitude': -35.363261, 'longitude': 149.1652299, 'altitude': 584.0, 'velocity': [0.0, -0.01, 0.0], 'heading': 355, 'battery_voltage': 12.587, 'battery_current': 0.0, 'battery_level': 99, 'mode': 'STABILIZE', 'armed': False}"
2025-04-13 12:50:41 - Altitude: 0.0
2025-04-13 12:50:41 - "{'global_location': <dronekit.LocationGlobal object at 0x000001D631695160>, 'local_location': <dronekit.LocationLocal object at 0x000001D63131EFF0>, 'attitude': 'Attitude:pitch=-0.002454433823004365,yaw=-0.08619767427444458,roll=-0.004496865905821323', 'relative_location': <dronekit.LocationGlobalRelative object at 0x000001D631696200>, 'gps': <dronekit.GPSInfo object at 0x000001D631696350>, 'latitude': -35.363261, 'longitude': 149.1652299, 'altitude': 583.99, 'velocity': [0.0, -0.03, 0.0], 'heading': 355, 'battery_voltage': 12.587, 'battery_current': 0.0, 'battery_level': 99, 'mode': 'STABILIZE', 'armed': False}"
2025-04-13 12:50:42 - Altitude: 0.0
2025-04-13 12:50:42 - "{'global_location': <dronekit.LocationGlobal object at 0x000001D631696350>, 'local_location': <dronekit.LocationLocal object at 0x000001D63131EFF0>, 'attitude': 'Attitude:pitch=-0.002635000040754676,yaw=-0.08561313152313232,roll=-0.005086311139166355', 'relative_location': <dronekit.LocationGlobalRelative object at 0x000001D631696200>, 'gps': <dronekit.GPSInfo object at 0x000001D631695D30>, 'latitude': -35.363261, 'longitude': 149.1652299, 'altitude': 583.99, 'velocity': [0.01, -0.05, 0.0], 'heading': 355, 'battery_voltage': 12.587, 'battery_current': 0.0, 'battery_level': 99, 'mode': 'STABILIZE', 'armed': False}"
2025-04-13 12:50:43 - Altitude: 0.0
2025-04-13 12:50:43 - "{'global_location': <dronekit.LocationGlobal object at 0x000001D631695D30>, 'local_location': <dronekit.LocationLocal object at 0x000001D63131EFF0>, 'attitude': 'Attitude:pitch=-0.0027007583994418383,yaw=-0.08536246418952942,roll=-0.005359704606235027', 'relative_location': <dronekit.LocationGlobalRelative object at 0x000001D631696200>, 'gps': <dronekit.GPSInfo object at 0x000001D631696190>, 'latitude': -35.363261, 'longitude': 149.1652299, 'altitude': 583.99, 'velocity': [0.01, -0.06, 0.0], 'heading': 355, 'battery_voltage': 12.587, 'battery_current': 0.0, 'battery_level': 99, 'mode': 'STABILIZE', 'armed': False}"
2025-04-13 12:50:44 - Altitude: 0.0
2025-04-13 12:50:44 - "{'global_location': <dronekit.LocationGlobal object at 0x000001D631696190>, 'local_location': <dronekit.LocationLocal object at 0x000001D63131EFF0>, 'attitude': 'Attitude:pitch=-0.0026768441312015057,yaw=-0.08531427383422852,roll=-0.005425292067229748', 'relative_location': <dronekit.LocationGlobalRelative object at 0x000001D631696200>, 'gps': <dronekit.GPSInfo object at 0x000001D631695EF0>, 'latitude': -35.363261, 'longitude': 149.1652299, 'altitude': 583.99, 'velocity': [0.01, -0.07, 0.0], 'heading': 355, 'battery_voltage': 12.587, 'battery_current': 0.0, 'battery_level': 99, 'mode': 'STABILIZE', 'armed': False}"
2025-04-13 12:53:23 - CONNECTING TO THE VEHICLE in SITL Mode
2025-04-13 12:53:23 - Connecting to vehicle on: tcp:127.0.0.1:5760
2025-04-13 12:53:41 - "{'global_location': -35.363261, 'local_location': <dronekit.LocationLocal object at 0x000001BCD561B8C0>, 'attitude': 'Attitude:pitch=0.00042673558345995843,yaw=-0.12113378942012787,roll=-8.238291047746316e-05', 'relative_location': <dronekit.LocationGlobalRelative object at 0x000001BCD5E7D7B0>, 'gps': <dronekit.GPSInfo object at 0x000001BCD5B0DF50>, 'latitude': -35.363261, 'longitude': 149.1652299, 'altitude': None, 'velocity': [0.0, 0.0, 0.0], 'heading': 353, 'battery_voltage': 12.587, 'battery_current': 0.0, 'battery_level': 100, 'mode': 'STABILIZE', 'armed': False}"
2025-04-13 12:53:41 - Arming motors...
2025-04-13 12:53:41 - Waiting for arming...
2025-04-13 12:53:42 - Waiting for arming...
2025-04-13 12:53:43 - Waiting for arming...
2025-04-13 12:53:44 - Waiting for arming...
2025-04-13 12:53:45 - Waiting for arming...
2025-04-13 12:53:46 - Taking off!
2025-04-13 12:53:46 - Altitude: 0.0
2025-04-13 12:53:46 - "{'global_location': -35.363261, 'local_location': <dronekit.LocationLocal object at 0x000001BCD5E996D0>, 'attitude': 'Attitude:pitch=0.00037382871960289776,yaw=-0.12309829145669937,roll=0.0002781837829388678', 'relative_location': <dronekit.LocationGlobalRelative object at 0x000001BCD5E960B0>, 'gps': <dronekit.GPSInfo object at 0x000001BCD5E72270>, 'latitude': -35.363261, 'longitude': 149.1652299, 'altitude': 584.0, 'velocity': [0.0, 0.0, 0.0], 'heading': 352, 'battery_voltage': 12.538, 'battery_current': 3.48, 'battery_level': 99, 'mode': 'STABILIZE', 'armed': True}"
2025-04-13 12:53:47 - Altitude: 0.0
2025-04-13 12:53:47 - "{'global_location': -35.363261, 'local_location': <dronekit.LocationLocal object at 0x000001BCD5E62820>, 'attitude': 'Attitude:pitch=0.0004084985703229904,yaw=-0.12774662673473358,roll=-0.001601893687620759', 'relative_location': <dronekit.LocationGlobalRelative object at 0x000001BCD5E960B0>, 'gps': <dronekit.GPSInfo object at 0x000001BCD5E7D390>, 'latitude': -35.363261, 'longitude': 149.1652299, 'altitude': 584.0, 'velocity': [0.0, 0.0, 0.0], 'heading': 352, 'battery_voltage': 12.538, 'battery_current': 3.48, 'battery_level': 99, 'mode': 'STABILIZE', 'armed': True}"
2025-04-13 12:53:48 - Altitude: 0.0
2025-04-13 12:53:48 - "{'global_location': -35.363261, 'local_location': <dronekit.LocationLocal object at 0x000001BCD5E75850>, 'attitude': 'Attitude:pitch=-0.0012826825259253383,yaw=-0.13148000836372375,roll=-0.009135214611887932', 'relative_location': <dronekit.LocationGlobalRelative object at 0x000001BCD5E960B0>, 'gps': <dronekit.GPSInfo object at 0x000001BCD5F45AD0>, 'latitude': -35.363261, 'longitude': 149.1652296, 'altitude': 584.0, 'velocity': [-0.01, -0.05, 0.0], 'heading': 352, 'battery_voltage': 12.538, 'battery_current': 3.48, 'battery_level': 99, 'mode': 'STABILIZE', 'armed': True}"
2025-04-13 12:53:49 - Altitude: 0.0
2025-04-13 12:53:49 - "{'global_location': -35.363261, 'local_location': <dronekit.LocationLocal object at 0x000001BCD5B1EE70>, 'attitude': 'Attitude:pitch=-0.006523475516587496,yaw=-0.1374388337135315,roll=-0.025135686621069908', 'relative_location': <dronekit.LocationGlobalRelative object at 0x000001BCD5E960B0>, 'gps': <dronekit.GPSInfo object at 0x000001BCD5E94DE0>, 'latitude': -35.363261, 'longitude': 149.1652285, 'altitude': 584.0, 'velocity': [0.0, -0.23, 0.0], 'heading': 352, 'battery_voltage': 12.538, 'battery_current': 3.48, 'battery_level': 99, 'mode': 'STABILIZE', 'armed': True}"
2025-04-13 12:53:50 - Altitude: 0.0
2025-04-13 12:53:50 - "{'global_location': -35.363261, 'local_location': <dronekit.LocationLocal object at 0x000001BCD5B1F590>, 'attitude': 'Attitude:pitch=-0.011301564052700996,yaw=-0.14942990243434906,roll=-0.042285945266485214', 'relative_location': <dronekit.LocationGlobalRelative object at 0x000001BCD5E94DE0>, 'gps': <dronekit.GPSInfo object at 0x000001BCD5E960B0>, 'latitude': -35.363261, 'longitude': 149.1652267, 'altitude': 584.0, 'velocity': [0.01, -0.48, 0.0], 'heading': 351, 'battery_voltage': 12.538, 'battery_current': 3.48, 'battery_level': 99, 'mode': 'STABILIZE', 'armed': True}"
2025-04-13 12:53:51 - Altitude: 0.0
2025-04-13 12:53:51 - "{'global_location': -35.3632608, 'local_location': <dronekit.LocationLocal object at 0x000001BCD5B1F350>, 'attitude': 'Attitude:pitch=-0.01629878208041191,yaw=-0.16938680410385132,roll=-0.05661680921912193', 'relative_location': <dronekit.LocationGlobalRelative object at 0x000001BCD5E960B0>, 'gps': <dronekit.GPSInfo object at 0x000001BCD5E94DE0>, 'latitude': -35.3632608, 'longitude': 149.165224, 'altitude': 584.0, 'velocity': [0.04, -0.77, 0.0], 'heading': 350, 'battery_voltage': 12.538, 'battery_current': 3.48, 'battery_level': 99, 'mode': 'STABILIZE', 'armed': True}"
2025-04-13 12:53:52 - Altitude: 0.0
2025-04-13 12:53:52 - "{'global_location': -35.3632606, 'local_location': <dronekit.LocationLocal object at 0x000001BCD5B1F350>, 'attitude': 'Attitude:pitch=-0.02019679918885231,yaw=-0.1966792494058609,roll=-0.06519240885972977', 'relative_location': <dronekit.LocationGlobalRelative object at 0x000001BCD5E94DE0>, 'gps': <dronekit.GPSInfo object at 0x000001BCD5E960B0>, 'latitude': -35.3632606, 'longitude': 149.1652211, 'altitude': 584.0, 'velocity': [0.06, -1.04, -0.01], 'heading': 348, 'battery_voltage': 12.538, 'battery_current': 3.48, 'battery_level': 99, 'mode': 'STABILIZE', 'armed': True}"
2025-04-13 12:53:53 - Altitude: 0.0
2025-04-13 12:53:53 - "{'global_location': -35.3632606, 'local_location': <dronekit.LocationLocal object at 0x000001BCD5B1EF90>, 'attitude': 'Attitude:pitch=-0.021359426900744438,yaw=-0.22049547731876373,roll=-0.06760310381650925', 'relative_location': <dronekit.LocationGlobalRelative object at 0x000001BCD5E960B0>, 'gps': <dronekit.GPSInfo object at 0x000001BCD5E94DE0>, 'latitude': -35.3632606, 'longitude': 149.1652186, 'altitude': 584.0, 'velocity': [0.05, -1.22, 0.0], 'heading': 347, 'battery_voltage': 12.538, 'battery_current': 3.48, 'battery_level': 99, 'mode': 'STABILIZE', 'armed': True}"
2025-04-13 12:53:54 - Altitude: 0.03
2025-04-13 12:53:54 - "{'global_location': -35.3632607, 'local_location': <dronekit.LocationLocal object at 0x000001BCD5B1EF90>, 'attitude': 'Attitude:pitch=-0.021713638678193092,yaw=-0.2659400403499603,roll=-0.06429443508386612', 'relative_location': <dronekit.LocationGlobalRelative object at 0x000001BCD5E94DE0>, 'gps': <dronekit.GPSInfo object at 0x000001BCD5E960B0>, 'latitude': -35.3632607, 'longitude': 149.1652171, 'altitude': 584.03, 'velocity': [0.03, -1.29, 0.0], 'heading': 344, 'battery_voltage': 12.538, 'battery_current': 3.48, 'battery_level': 99, 'mode': 'STABILIZE', 'armed': True}"
2025-04-13 12:53:55 - Altitude: 0.07
2025-04-13 12:53:55 - "{'global_location': -35.363261, 'local_location': <dronekit.LocationLocal object at 0x000001BCD5B1EF90>, 'attitude': 'Attitude:pitch=-0.020850233733654022,yaw=-0.305332213640213,roll=-0.058858245611190796', 'relative_location': <dronekit.LocationGlobalRelative object at 0x000001BCD5E95400>, 'gps': <dronekit.GPSInfo object at 0x000001BCD5E94DE0>, 'latitude': -35.363261, 'longitude': 149.1652163, 'altitude': 584.07, 'velocity': [0.0, -1.28, 0.02], 'heading': 342, 'battery_voltage': 12.538, 'battery_current': 3.48, 'battery_level': 99, 'mode': 'STABILIZE', 'armed': False}"
2025-04-13 12:53:56 - Altitude: 0.0
2025-04-13 12:53:56 - "{'global_location': -35.3632607, 'local_location': <dronekit.LocationLocal object at 0x000001BCD5B1EF90>, 'attitude': 'Attitude:pitch=-0.02192171849310398,yaw=-0.293535441160202,roll=-0.06315059214830399', 'relative_location': <dronekit.LocationGlobalRelative object at 0x000001BCD5E94DE0>, 'gps': <dronekit.GPSInfo object at 0x000001BCD5E95400>, 'latitude': -35.3632607, 'longitude': 149.1652301, 'altitude': 584.0, 'velocity': [0.01, -0.45, -0.01], 'heading': 343, 'battery_voltage': 12.587, 'battery_current': 0.0, 'battery_level': 99, 'mode': 'STABILIZE', 'armed': False}"
2025-04-13 12:53:57 - Altitude: 0.0
2025-04-13 12:53:57 - "{'global_location': -35.3632607, 'local_location': <dronekit.LocationLocal object at 0x000001BCD5B1F590>, 'attitude': 'Attitude:pitch=-0.022132722660899162,yaw=-0.2839503586292267,roll=-0.06447922438383102', 'relative_location': <dronekit.LocationGlobalRelative object at 0x000001BCD5E95400>, 'gps': <dronekit.GPSInfo object at 0x000001BCD5E94DE0>, 'latitude': -35.3632607, 'longitude': 149.1652301, 'altitude': 584.0, 'velocity': [0.03, -0.85, -0.02], 'heading': 343, 'battery_voltage': 12.587, 'battery_current': 0.0, 'battery_level': 99, 'mode': 'STABILIZE', 'armed': False}"
2025-04-13 12:53:58 - Altitude: 0.0
2025-04-13 12:53:58 - "{'global_location': -35.3632607, 'local_location': <dronekit.LocationLocal object at 0x000001BCD5B1F590>, 'attitude': 'Attitude:pitch=-0.020938824862241745,yaw=-0.2831363379955292,roll=-0.06081750616431236', 'relative_location': <dronekit.LocationGlobalRelative object at 0x000001BCD5E94DE0>, 'gps': <dronekit.GPSInfo object at 0x000001BCD5E95400>, 'latitude': -35.3632607, 'longitude': 149.1652301, 'altitude': 584.0, 'velocity': [0.04, -1.07, -0.01], 'heading': 343, 'battery_voltage': 12.587, 'battery_current': 0.0, 'battery_level': 99, 'mode': 'STABILIZE', 'armed': False}"
2025-04-13 12:53:59 - Altitude: 0.0
2025-04-13 12:53:59 - "{'global_location': -35.3632607, 'local_location': <dronekit.LocationLocal object at 0x000001BCD5B1F590>, 'attitude': 'Attitude:pitch=-0.01842765510082245,yaw=-0.2904079556465149,roll=-0.05213485285639763', 'relative_location': <dronekit.LocationGlobalRelative object at 0x000001BCD5E95400>, 'gps': <dronekit.GPSInfo object at 0x000001BCD5E94DE0>, 'latitude': -35.3632607, 'longitude': 149.1652301, 'altitude': 584.0, 'velocity': [0.03, -1.14, -0.01], 'heading': 343, 'battery_voltage': 12.587, 'battery_current': 0.0, 'battery_level': 99, 'mode': 'STABILIZE', 'armed': False}"
2025-04-13 12:54:00 - Altitude: 0.02
2025-04-13 12:54:00 - "{'global_location': -35.3632607, 'local_location': <dronekit.LocationLocal object at 0x000001BCD5B1F590>, 'attitude': 'Attitude:pitch=-0.01614716276526451,yaw=-0.2993403673171997,roll=-0.04405812919139862', 'relative_location': <dronekit.LocationGlobalRelative object at 0x000001BCD5E94DE0>, 'gps': <dronekit.GPSInfo object at 0x000001BCD5E95400>, 'latitude': -35.3632607, 'longitude': 149.1652301, 'altitude': 584.02, 'velocity': [0.03, -1.09, 0.0], 'heading': 342, 'battery_voltage': 12.587, 'battery_current': 0.0, 'battery_level': 99, 'mode': 'STABILIZE', 'armed': False}"
2025-04-13 12:54:01 - Altitude: 0.02
2025-04-13 12:54:01 - "{'global_location': -35.3632607, 'local_location': <dronekit.LocationLocal object at 0x000001BCD5B1F2F0>, 'attitude': 'Attitude:pitch=-0.013809144496917725,yaw=-0.309316486120224,roll=-0.035891689360141754', 'relative_location': <dronekit.LocationGlobalRelative object at 0x000001BCD5E95400>, 'gps': <dronekit.GPSInfo object at 0x000001BCD5E94DE0>, 'latitude': -35.3632607, 'longitude': 149.1652301, 'altitude': 584.02, 'velocity': [0.02, -0.99, 0.0], 'heading': 342, 'battery_voltage': 12.587, 'battery_current': 0.0, 'battery_level': 99, 'mode': 'STABILIZE', 'armed': False}"
2025-04-13 12:54:02 - Altitude: 0.04
2025-04-13 12:54:02 - "{'global_location': -35.3632606, 'local_location': <dronekit.LocationLocal object at 0x000001BCD5B1EFF0>, 'attitude': 'Attitude:pitch=-0.011492644436657429,yaw=-0.3195384740829468,roll=-0.027999285608530045', 'relative_location': <dronekit.LocationGlobalRelative object at 0x000001BCD5E94DE0>, 'gps': <dronekit.GPSInfo object at 0x000001BCD5E95400>, 'latitude': -35.3632606, 'longitude': 149.1652301, 'altitude': 584.04, 'velocity': [0.02, -0.85, 0.01], 'heading': 341, 'battery_voltage': 12.587, 'battery_current': 0.0, 'battery_level': 99, 'mode': 'STABILIZE', 'armed': False}"
2025-04-13 12:54:03 - Altitude: 0.06
2025-04-13 12:54:03 - "{'global_location': -35.3632606, 'local_location': <dronekit.LocationLocal object at 0x000001BCD5B1F650>, 'attitude': 'Attitude:pitch=-0.008681620471179485,yaw=-0.3317885994911194,roll=-0.019054003059864044', 'relative_location': <dronekit.LocationGlobalRelative object at 0x000001BCD5E95400>, 'gps': <dronekit.GPSInfo object at 0x000001BCD5E94DE0>, 'latitude': -35.3632606, 'longitude': 149.1652301, 'altitude': 584.06, 'velocity': [0.02, -0.65, 0.02], 'heading': 340, 'battery_voltage': 12.587, 'battery_current': 0.0, 'battery_level': 99, 'mode': 'STABILIZE', 'armed': False}"
2025-04-13 12:54:04 - Altitude: 0.07
2025-04-13 12:54:04 - "{'global_location': -35.3632606, 'local_location': <dronekit.LocationLocal object at 0x000001BCD5B1F650>, 'attitude': 'Attitude:pitch=-0.00664293859153986,yaw=-0.34041643142700195,roll=-0.012988648377358913', 'relative_location': <dronekit.LocationGlobalRelative object at 0x000001BCD5E94DE0>, 'gps': <dronekit.GPSInfo object at 0x000001BCD5E95400>, 'latitude': -35.3632606, 'longitude': 149.1652301, 'altitude': 584.07, 'velocity': [0.02, -0.48, 0.03], 'heading': 340, 'battery_voltage': 12.587, 'battery_current': 0.0, 'battery_level': 99, 'mode': 'STABILIZE', 'armed': False}"
2025-04-13 12:54:05 - Altitude: 0.08
2025-04-13 12:54:05 - "{'global_location': -35.3632606, 'local_location': <dronekit.LocationLocal object at 0x000001BCD5B1F650>, 'attitude': 'Attitude:pitch=-0.004852332640439272,yaw=-0.34779512882232666,roll=-0.007970734499394894', 'relative_location': <dronekit.LocationGlobalRelative object at 0x000001BCD5E95400>, 'gps': <dronekit.GPSInfo object at 0x000001BCD5E94DE0>, 'latitude': -35.3632606, 'longitude': 149.1652301, 'altitude': 584.08, 'velocity': [0.02, -0.33, 0.03], 'heading': 340, 'battery_voltage': 12.587, 'battery_current': 0.0, 'battery_level': 99, 'mode': 'STABILIZE', 'armed': False}"
2025-04-13 12:54:06 - Altitude: 0.08
2025-04-13 12:54:06 - "{'global_location': -35.3632606, 'local_location': <dronekit.LocationLocal object at 0x000001BCD5B1F4D0>, 'attitude': 'Attitude:pitch=-0.0034298610407859087,yaw=-0.3535598814487457,roll=-0.004119270946830511', 'relative_location': <dronekit.LocationGlobalRelative object at 0x000001BCD5E94DE0>, 'gps': <dronekit.GPSInfo object at 0x000001BCD5E95400>, 'latitude': -35.3632606, 'longitude': 149.1652301, 'altitude': 584.08, 'velocity': [0.01, -0.19, 0.04], 'heading': 339, 'battery_voltage': 12.587, 'battery_current': 0.0, 'battery_level': 99, 'mode': 'STABILIZE', 'armed': False}"
2025-04-13 12:54:07 - Altitude: 0.09
2025-04-13 12:54:07 - "{'global_location': -35.3632606, 'local_location': <dronekit.LocationLocal object at 0x000001BCD5B1F4D0>, 'attitude': 'Attitude:pitch=-0.002346690744161606,yaw=-0.35771113634109497,roll=-0.0013781478628516197', 'relative_location': <dronekit.LocationGlobalRelative object at 0x000001BCD5E95400>, 'gps': <dronekit.GPSInfo object at 0x000001BCD5E94DE0>, 'latitude': -35.3632606, 'longitude': 149.1652301, 'altitude': 584.09, 'velocity': [0.01, -0.08, 0.04], 'heading': 339, 'battery_voltage': 12.587, 'battery_current': 0.0, 'battery_level': 99, 'mode': 'STABILIZE', 'armed': False}"
2025-04-13 12:54:08 - Altitude: 0.09
2025-04-13 12:54:08 - "{'global_location': -35.3632606, 'local_location': <dronekit.LocationLocal object at 0x000001BCD5B1F4D0>, 'attitude': 'Attitude:pitch=-0.0016127065755426884,yaw=-0.36043402552604675,roll=0.00045529345516115427', 'relative_location': <dronekit.LocationGlobalRelative object at 0x000001BCD5E94DE0>, 'gps': <dronekit.GPSInfo object at 0x000001BCD5E95400>, 'latitude': -35.3632606, 'longitude': 149.1652301, 'altitude': 584.09, 'velocity': [0.01, 0.0, 0.04], 'heading': 339, 'battery_voltage': 12.587, 'battery_current': 0.0, 'battery_level': 99, 'mode': 'STABILIZE', 'armed': False}"
2025-04-13 12:54:09 - Altitude: 0.09
2025-04-13 12:54:09 - "{'global_location': -35.3632606, 'local_location': <dronekit.LocationLocal object at 0x000001BCD5B1F4D0>, 'attitude': 'Attitude:pitch=-0.001187551999464631,yaw=-0.3619576394557953,roll=0.0015423159347847104', 'relative_location': <dronekit.LocationGlobalRelative object at 0x000001BCD5E95400>, 'gps': <dronekit.GPSInfo object at 0x000001BCD5E94DE0>, 'latitude': -35.3632606, 'longitude': 149.1652301, 'altitude': 584.09, 'velocity': [0.01, 0.04, 0.04], 'heading': 339, 'battery_voltage': 12.587, 'battery_current': 0.0, 'battery_level': 99, 'mode': 'STABILIZE', 'armed': False}"
2025-04-13 12:54:10 - Altitude: 0.09
2025-04-13 12:54:10 - "{'global_location': -35.3632606, 'local_location': <dronekit.LocationLocal object at 0x000001BCD5B1F4D0>, 'attitude': 'Attitude:pitch=-0.0009178318432532251,yaw=-0.36259979009628296,roll=0.0021385541185736656', 'relative_location': <dronekit.LocationGlobalRelative object at 0x000001BCD5E94DE0>, 'gps': <dronekit.GPSInfo object at 0x000001BCD5E95400>, 'latitude': -35.3632606, 'longitude': 149.1652301, 'altitude': 584.09, 'velocity': [0.01, 0.08, 0.04], 'heading': 339, 'battery_voltage': 12.587, 'battery_current': 0.0, 'battery_level': 99, 'mode': 'STABILIZE', 'armed': False}"
2025-04-13 12:54:11 - Altitude: 0.09
2025-04-13 12:54:11 - "{'global_location': -35.3632606, 'local_location': <dronekit.LocationLocal object at 0x000001BCD5B1F4D0>, 'attitude': 'Attitude:pitch=-0.0008235939312726259,yaw=-0.36263513565063477,roll=0.0023438911885023117', 'relative_location': <dronekit.LocationGlobalRelative object at 0x000001BCD5E95400>, 'gps': <dronekit.GPSInfo object at 0x000001BCD5E94DE0>, 'latitude': -35.3632606, 'longitude': 149.1652301, 'altitude': 584.09, 'velocity': [0.01, 0.09, 0.03], 'heading': 339, 'battery_voltage': 12.587, 'battery_current': 0.0, 'battery_level': 99, 'mode': 'STABILIZE', 'armed': False}"
2025-04-13 12:54:12 - Altitude: 0.09
2025-04-13 12:54:12 - "{'global_location': -35.3632606, 'local_location': <dronekit.LocationLocal object at 0x000001BCD5B1F4D0>, 'attitude': 'Attitude:pitch=-0.0008102811989374459,yaw=-0.3622134327888489,roll=0.002374314470216632', 'relative_location': <dronekit.LocationGlobalRelative object at 0x000001BCD5E94DE0>, 'gps': <dronekit.GPSInfo object at 0x000001BCD5E95400>, 'latitude': -35.3632606, 'longitude': 149.1652301, 'altitude': 584.09, 'velocity': [0.01, 0.1, 0.03], 'heading': 339, 'battery_voltage': 12.587, 'battery_current': 0.0, 'battery_level': 99, 'mode': 'STABILIZE', 'armed': False}"
